<?xml version="1.0" encoding="utf-8" standalone="no"?>
<!--This file represents the results of running a test suite-->
<test-results name="C:\Users\ASUS\Documents\SOFTWARE TESTING\02 project tugas\TugasLibraryUnitTest\bin\Debug\TugasLibraryUnitTest.dll" total="2" errors="0" failures="0" not-run="0" inconclusive="0" ignored="0" skipped="0" invalid="0" date="2023-10-05" time="12:19:48">
  <environment nunit-version="2.6.4.14350" clr-version="2.0.50727.9157" os-version="Microsoft Windows NT 6.2.9200.0" platform="Win32NT" cwd="C:\tools-testing" machine-name="LAPTOP-EB60CF3O" user="ASUS" user-domain="LAPTOP-EB60CF3O" />
  <culture-info current-culture="en-ID" current-uiculture="en-US" />
  <test-suite type="Assembly" name="C:\Users\ASUS\Documents\SOFTWARE TESTING\02 project tugas\TugasLibraryUnitTest\bin\Debug\TugasLibraryUnitTest.dll" executed="True" result="Success" success="True" time="0.083" asserts="0">
    <results>
      <test-suite type="Namespace" name="TugasLibraryUnitTest" executed="True" result="Success" success="True" time="0.075" asserts="0">
        <results>
          <test-suite type="TestFixture" name="TugasLibraryUnitTest" executed="True" result="Success" success="True" time="0.065" asserts="0">
            <results>
              <test-case name="TugasLibraryUnitTest.TugasLibraryUnitTest.DayTest" executed="True" result="Success" success="True" time="0.046" asserts="1" />
              <test-case name="TugasLibraryUnitTest.TugasLibraryUnitTest.UserTest" executed="True" result="Success" success="True" time="0.001" asserts="2" />
            </results>
          </test-suite>
        </results>
      </test-suite>
    </results>
  </test-suite>
</test-results>