<?xml version="1.0" encoding="utf-8" standalone="no"?>
<!--This file represents the results of running a test suite-->
<test-results name="C:\Users\ASUS\Documents\SOFTWARE TESTING\01 project latihan\CalculatorUnitTest_\bin\Debug\CalculatorUnitTest_.dll" total="4" errors="0" failures="0" not-run="0" inconclusive="0" ignored="0" skipped="0" invalid="0" date="2023-10-05" time="11:58:10">
  <environment nunit-version="2.6.4.14350" clr-version="2.0.50727.9157" os-version="Microsoft Windows NT 6.2.9200.0" platform="Win32NT" cwd="C:\tools-testing" machine-name="LAPTOP-EB60CF3O" user="ASUS" user-domain="LAPTOP-EB60CF3O" />
  <culture-info current-culture="en-ID" current-uiculture="en-US" />
  <test-suite type="Assembly" name="C:\Users\ASUS\Documents\SOFTWARE TESTING\01 project latihan\CalculatorUnitTest_\bin\Debug\CalculatorUnitTest_.dll" executed="True" result="Success" success="True" time="0.072" asserts="0">
    <results>
      <test-suite type="Namespace" name="CalculatorUnitTest" executed="True" result="Success" success="True" time="0.065" asserts="0">
        <results>
          <test-suite type="TestFixture" name="CalculatorTest" executed="True" result="Success" success="True" time="0.051" asserts="0">
            <results>
              <test-case name="CalculatorUnitTest.CalculatorTest.PembagianTest" executed="True" result="Success" success="True" time="0.024" asserts="1" />
              <test-case name="CalculatorUnitTest.CalculatorTest.PenambahanTest" executed="True" result="Success" success="True" time="0.000" asserts="1" />
              <test-case name="CalculatorUnitTest.CalculatorTest.PenguranganTest" executed="True" result="Success" success="True" time="0.000" asserts="1" />
              <test-case name="CalculatorUnitTest.CalculatorTest.PerkalianTest" executed="True" result="Success" success="True" time="0.000" asserts="1" />
            </results>
          </test-suite>
        </results>
      </test-suite>
    </results>
  </test-suite>
</test-results>